<?xml version="1.0" encoding="UTF-8"?>
<!-- Generated by org.testng.reporters.JUnitReportReporter -->
<testsuite hostname="Kirans-MacBook-Pro.local" name="com.interviewpractice.JavascriptExecutorPractice" tests="1" failures="0" timestamp="16 Aug 2017 16:24:28 GMT" time="7.996" errors="0">
  <testcase name="executeScript" time="7.996" classname="com.interviewpractice.JavascriptExecutorPractice"/>
</testsuite> <!-- com.interviewpractice.JavascriptExecutorPractice -->
