<?xml version="1.0" encoding="UTF-8"?>
<!-- Generated by org.testng.reporters.JUnitReportReporter -->
<testsuite hostname="Kirans-MacBook-Pro.local" name="com.interviewpractice.DragAndDrop" tests="1" failures="0" timestamp="17 Aug 2017 18:21:46 GMT" time="24.340" errors="0">
  <testcase name="dragAndDrop" time="24.340" classname="com.interviewpractice.DragAndDrop"/>
</testsuite> <!-- com.interviewpractice.DragAndDrop -->
